This is pdfTeX, Version 3.14159265-2.6-1.40.17 (MiKTeX 2.9) (preloaded format=pdflatex 2016.8.12)  9 SEP 2016 11:31
entering extended mode
**./Explan_Assym-biblatex.tex
(Explan_Assym-biblatex.tex
LaTeX2e <2016/03/31> patch level 1
Babel <3.9r> and hyphenation patterns for 75 language(s) loaded.
("C:\Program Files (x86)\MiKTeX 2.9\tex\latex\base\fix-cm.sty"
Package: fix-cm 2015/01/14 v1.1t fixes to LaTeX

("C:\Program Files (x86)\MiKTeX 2.9\tex\latex\base\ts1enc.def"
File: ts1enc.def 2001/06/05 v3.0e (jk/car/fm) Standard LaTeX file
))
("C:\Program Files (x86)\MiKTeX 2.9\tex\latex\base\article.cls"
Document Class: article 2014/09/29 v1.4h Standard LaTeX document class
("C:\Program Files (x86)\MiKTeX 2.9\tex\latex\base\size10.clo"
File: size10.clo 2014/09/29 v1.4h Standard LaTeX file (size option)
)
\c@part=\count79
\c@section=\count80
\c@subsection=\count81
\c@subsubsection=\count82
\c@paragraph=\count83
\c@subparagraph=\count84
\c@figure=\count85
\c@table=\count86
\abovecaptionskip=\skip41
\belowcaptionskip=\skip42
\bibindent=\dimen102
)
("C:\Program Files (x86)\MiKTeX 2.9\tex\latex\geometry\geometry.sty"
Package: geometry 2010/09/12 v5.6 Page Geometry

("C:\Program Files (x86)\MiKTeX 2.9\tex\latex\graphics\keyval.sty"
Package: keyval 2014/10/28 v1.15 key=value parser (DPC)
\KV@toks@=\toks14
)
("C:\Program Files (x86)\MiKTeX 2.9\tex\generic\oberdiek\ifpdf.sty"
Package: ifpdf 2016/05/14 v3.1 Provides the ifpdf switch
)
("C:\Program Files (x86)\MiKTeX 2.9\tex\generic\oberdiek\ifvtex.sty"
Package: ifvtex 2016/05/16 v1.6 Detect VTeX and its facilities (HO)
Package ifvtex Info: VTeX not detected.
)
("C:\Program Files (x86)\MiKTeX 2.9\tex\generic\ifxetex\ifxetex.sty"
Package: ifxetex 2010/09/12 v0.6 Provides ifxetex conditional
)
\Gm@cnth=\count87
\Gm@cntv=\count88
\c@Gm@tempcnt=\count89
\Gm@bindingoffset=\dimen103
\Gm@wd@mp=\dimen104
\Gm@odd@mp=\dimen105
\Gm@even@mp=\dimen106
\Gm@layoutwidth=\dimen107
\Gm@layoutheight=\dimen108
\Gm@layouthoffset=\dimen109
\Gm@layoutvoffset=\dimen110
\Gm@dimlist=\toks15

("C:\Program Files (x86)\MiKTeX 2.9\tex\latex\geometry\geometry.cfg"))
("C:\Program Files (x86)\MiKTeX 2.9\tex\latex\graphics\graphicx.sty"
Package: graphicx 2014/10/28 v1.0g Enhanced LaTeX Graphics (DPC,SPQR)

("C:\Program Files (x86)\MiKTeX 2.9\tex\latex\graphics\graphics.sty"
Package: graphics 2016/06/02 v1.0s Standard LaTeX Graphics (DPC,SPQR)

("C:\Program Files (x86)\MiKTeX 2.9\tex\latex\graphics\trig.sty"
Package: trig 2016/01/03 v1.10 sin cos tan (DPC)
)
("C:\Program Files (x86)\MiKTeX 2.9\tex\latex\00miktex\graphics.cfg"
File: graphics.cfg 2016/06/04 v1.11 sample graphics configuration
)
Package graphics Info: Driver file: pdftex.def on input line 99.

("C:\Program Files (x86)\MiKTeX 2.9\tex\latex\pdftex-def\pdftex.def"
File: pdftex.def 2016/06/17 v0.06h Graphics/color for pdfTeX

("C:\Program Files (x86)\MiKTeX 2.9\tex\generic\oberdiek\infwarerr.sty"
Package: infwarerr 2016/05/16 v1.4 Providing info/warning/error messages (HO)
)
("C:\Program Files (x86)\MiKTeX 2.9\tex\generic\oberdiek\ltxcmds.sty"
Package: ltxcmds 2016/05/16 v1.23 LaTeX kernel commands for general use (HO)
)
\Gread@gobject=\count90
))
\Gin@req@height=\dimen111
\Gin@req@width=\dimen112
)
("C:\Program Files (x86)\MiKTeX 2.9\tex\latex\amsmath\amsmath.sty"
Package: amsmath 2016/03/10 v2.15b AMS math features
\@mathmargin=\skip43

For additional information on amsmath, use the `?' option.
("C:\Program Files (x86)\MiKTeX 2.9\tex\latex\amsmath\amstext.sty"
Package: amstext 2000/06/29 v2.01 AMS text

("C:\Program Files (x86)\MiKTeX 2.9\tex\latex\amsmath\amsgen.sty"
File: amsgen.sty 1999/11/30 v2.0 generic functions
\@emptytoks=\toks16
\ex@=\dimen113
))
("C:\Program Files (x86)\MiKTeX 2.9\tex\latex\amsmath\amsbsy.sty"
Package: amsbsy 1999/11/29 v1.2d Bold Symbols
\pmbraise@=\dimen114
)
("C:\Program Files (x86)\MiKTeX 2.9\tex\latex\amsmath\amsopn.sty"
Package: amsopn 2016/03/08 v2.02 operator names
)
\inf@bad=\count91
LaTeX Info: Redefining \frac on input line 199.
\uproot@=\count92
\leftroot@=\count93
LaTeX Info: Redefining \overline on input line 297.
\classnum@=\count94
\DOTSCASE@=\count95
LaTeX Info: Redefining \ldots on input line 394.
LaTeX Info: Redefining \dots on input line 397.
LaTeX Info: Redefining \cdots on input line 518.
\Mathstrutbox@=\box26
\strutbox@=\box27
\big@size=\dimen115
LaTeX Font Info:    Redeclaring font encoding OML on input line 634.
LaTeX Font Info:    Redeclaring font encoding OMS on input line 635.
\macc@depth=\count96
\c@MaxMatrixCols=\count97
\dotsspace@=\muskip10
\c@parentequation=\count98
\dspbrk@lvl=\count99
\tag@help=\toks17
\row@=\count100
\column@=\count101
\maxfields@=\count102
\andhelp@=\toks18
\eqnshift@=\dimen116
\alignsep@=\dimen117
\tagshift@=\dimen118
\tagwidth@=\dimen119
\totwidth@=\dimen120
\lineht@=\dimen121
\@envbody=\toks19
\multlinegap=\skip44
\multlinetaggap=\skip45
\mathdisplay@stack=\toks20
LaTeX Info: Redefining \[ on input line 2739.
LaTeX Info: Redefining \] on input line 2740.
)
("C:\Program Files (x86)\MiKTeX 2.9\tex\latex\psnfss\mathptmx.sty"
Package: mathptmx 2005/04/12 PSNFSS-v9.2a Times w/ Math, improved (SPQR, WaS) 
LaTeX Font Info:    Redeclaring symbol font `operators' on input line 28.
LaTeX Font Info:    Overwriting symbol font `operators' in version `normal'
(Font)                  OT1/cmr/m/n --> OT1/ztmcm/m/n on input line 28.
LaTeX Font Info:    Overwriting symbol font `operators' in version `bold'
(Font)                  OT1/cmr/bx/n --> OT1/ztmcm/m/n on input line 28.
LaTeX Font Info:    Redeclaring symbol font `letters' on input line 29.
LaTeX Font Info:    Overwriting symbol font `letters' in version `normal'
(Font)                  OML/cmm/m/it --> OML/ztmcm/m/it on input line 29.
LaTeX Font Info:    Overwriting symbol font `letters' in version `bold'
(Font)                  OML/cmm/b/it --> OML/ztmcm/m/it on input line 29.
LaTeX Font Info:    Redeclaring symbol font `symbols' on input line 30.
LaTeX Font Info:    Overwriting symbol font `symbols' in version `normal'
(Font)                  OMS/cmsy/m/n --> OMS/ztmcm/m/n on input line 30.
LaTeX Font Info:    Overwriting symbol font `symbols' in version `bold'
(Font)                  OMS/cmsy/b/n --> OMS/ztmcm/m/n on input line 30.
LaTeX Font Info:    Redeclaring symbol font `largesymbols' on input line 31.
LaTeX Font Info:    Overwriting symbol font `largesymbols' in version `normal'
(Font)                  OMX/cmex/m/n --> OMX/ztmcm/m/n on input line 31.
LaTeX Font Info:    Overwriting symbol font `largesymbols' in version `bold'
(Font)                  OMX/cmex/m/n --> OMX/ztmcm/m/n on input line 31.
\symbold=\mathgroup4
\symitalic=\mathgroup5
LaTeX Font Info:    Redeclaring math alphabet \mathbf on input line 34.
LaTeX Font Info:    Overwriting math alphabet `\mathbf' in version `normal'
(Font)                  OT1/cmr/bx/n --> OT1/ptm/bx/n on input line 34.
LaTeX Font Info:    Overwriting math alphabet `\mathbf' in version `bold'
(Font)                  OT1/cmr/bx/n --> OT1/ptm/bx/n on input line 34.
LaTeX Font Info:    Redeclaring math alphabet \mathit on input line 35.
LaTeX Font Info:    Overwriting math alphabet `\mathit' in version `normal'
(Font)                  OT1/cmr/m/it --> OT1/ptm/m/it on input line 35.
LaTeX Font Info:    Overwriting math alphabet `\mathit' in version `bold'
(Font)                  OT1/cmr/bx/it --> OT1/ptm/m/it on input line 35.
LaTeX Info: Redefining \hbar on input line 50.
)
(C:\Users\jmillson\AppData\Roaming\MiKTeX\2.9\tex\latex\stmaryrd\stmaryrd.sty
Package: stmaryrd 1994/03/03 St Mary's Road symbol package
\symstmry=\mathgroup6
LaTeX Font Info:    Overwriting symbol font `stmry' in version `bold'
(Font)                  U/stmry/m/n --> U/stmry/b/n on input line 89.
)
(C:\Users\jmillson\AppData\Roaming\MiKTeX\2.9\tex\latex\enumitem\enumitem.sty
Package: enumitem 2011/09/28 v3.5.2 Customized lists
\labelindent=\skip46
\enit@outerparindent=\dimen122
\enit@toks=\toks21
\enit@inbox=\box28
\enitdp@description=\count103
)
("C:\Program Files (x86)\MiKTeX 2.9\tex\latex\psnfss\times.sty"
Package: times 2005/04/12 PSNFSS-v9.2a (SPQR) 
)
("C:\Program Files (x86)\MiKTeX 2.9\tex\latex\base\latexsym.sty"
Package: latexsym 1998/08/17 v2.2e Standard LaTeX package (lasy symbols)
\symlasy=\mathgroup7
LaTeX Font Info:    Overwriting symbol font `lasy' in version `bold'
(Font)                  U/lasy/m/n --> U/lasy/b/n on input line 52.
)
(C:\Users\jmillson\AppData\Roaming\MiKTeX\2.9\tex\latex\bussproofs\bussproofs.s
ty
Proof Tree (bussproofs) style macros. Version 1.1.
\theLevel=\count104
\myMaxLevel=\count105
\myBoxA=\box29
\myBoxB=\box30
\myBoxC=\box31
\myBoxD=\box32
\myBoxLL=\box33
\myBoxRL=\box34
\thisAboveSkip=\dimen123
\thisBelowSkip=\dimen124
\newScoreStart=\dimen125
\newScoreEnd=\dimen126
\newCenter=\dimen127
\displace=\dimen128
\leftLowerAmt=\dimen129
\rightLowerAmt=\dimen130
\scoreHeight=\dimen131
\scoreDepth=\dimen132
\htLbox=\dimen133
\htRbox=\dimen134
\htRRbox=\dimen135
\htRRRbox=\dimen136
\htAbox=\dimen137
\htCbox=\dimen138
)
(C:\Users\jmillson\AppData\Roaming\MiKTeX\2.9\tex\latex\pgf\basiclayer\pgf.sty
(C:\Users\jmillson\AppData\Roaming\MiKTeX\2.9\tex\latex\pgf\utilities\pgfrcs.st
y
(C:\Users\jmillson\AppData\Roaming\MiKTeX\2.9\tex\generic\pgf\utilities\pgfutil
-common.tex
\pgfutil@everybye=\toks22
\pgfutil@tempdima=\dimen139
\pgfutil@tempdimb=\dimen140

(C:\Users\jmillson\AppData\Roaming\MiKTeX\2.9\tex\generic\pgf\utilities\pgfutil
-common-lists.tex))
(C:\Users\jmillson\AppData\Roaming\MiKTeX\2.9\tex\generic\pgf\utilities\pgfutil
-latex.def
\pgfutil@abb=\box35

(C:\Users\jmillson\AppData\Roaming\MiKTeX\2.9\tex\latex\ms\everyshi.sty
Package: everyshi 2001/05/15 v3.00 EveryShipout Package (MS)
))
(C:\Users\jmillson\AppData\Roaming\MiKTeX\2.9\tex\generic\pgf\utilities\pgfrcs.
code.tex
Package: pgfrcs 2015/08/07 v3.0.1a (rcs-revision 1.31)
))
Package: pgf 2015/08/07 v3.0.1a (rcs-revision 1.15)

(C:\Users\jmillson\AppData\Roaming\MiKTeX\2.9\tex\latex\pgf\basiclayer\pgfcore.
sty
(C:\Users\jmillson\AppData\Roaming\MiKTeX\2.9\tex\latex\pgf\systemlayer\pgfsys.
sty
(C:\Users\jmillson\AppData\Roaming\MiKTeX\2.9\tex\generic\pgf\systemlayer\pgfsy
s.code.tex
Package: pgfsys 2014/07/09 v3.0.1a (rcs-revision 1.48)

(C:\Users\jmillson\AppData\Roaming\MiKTeX\2.9\tex\generic\pgf\utilities\pgfkeys
.code.tex
\pgfkeys@pathtoks=\toks23
\pgfkeys@temptoks=\toks24

(C:\Users\jmillson\AppData\Roaming\MiKTeX\2.9\tex\generic\pgf\utilities\pgfkeys
filtered.code.tex
\pgfkeys@tmptoks=\toks25
))
\pgf@x=\dimen141
\pgf@y=\dimen142
\pgf@xa=\dimen143
\pgf@ya=\dimen144
\pgf@xb=\dimen145
\pgf@yb=\dimen146
\pgf@xc=\dimen147
\pgf@yc=\dimen148
\w@pgf@writea=\write3
\r@pgf@reada=\read1
\c@pgf@counta=\count106
\c@pgf@countb=\count107
\c@pgf@countc=\count108
\c@pgf@countd=\count109
\t@pgf@toka=\toks26
\t@pgf@tokb=\toks27
\t@pgf@tokc=\toks28

(C:\Users\jmillson\AppData\Roaming\MiKTeX\2.9\tex\generic\pgf\systemlayer\pgf.c
fg
File: pgf.cfg 2008/05/14  (rcs-revision 1.7)
)
Driver file for pgf: pgfsys-pdftex.def

(C:\Users\jmillson\AppData\Roaming\MiKTeX\2.9\tex\generic\pgf\systemlayer\pgfsy
s-pdftex.def
File: pgfsys-pdftex.def 2014/10/11  (rcs-revision 1.35)

(C:\Users\jmillson\AppData\Roaming\MiKTeX\2.9\tex\generic\pgf\systemlayer\pgfsy
s-common-pdf.def
File: pgfsys-common-pdf.def 2013/10/10  (rcs-revision 1.13)
)))
(C:\Users\jmillson\AppData\Roaming\MiKTeX\2.9\tex\generic\pgf\systemlayer\pgfsy
ssoftpath.code.tex
File: pgfsyssoftpath.code.tex 2013/09/09  (rcs-revision 1.9)
\pgfsyssoftpath@smallbuffer@items=\count110
\pgfsyssoftpath@bigbuffer@items=\count111
)
(C:\Users\jmillson\AppData\Roaming\MiKTeX\2.9\tex\generic\pgf\systemlayer\pgfsy
sprotocol.code.tex
File: pgfsysprotocol.code.tex 2006/10/16  (rcs-revision 1.4)
))
(C:\Users\jmillson\AppData\Roaming\MiKTeX\2.9\tex\latex\xcolor\xcolor.sty
Package: xcolor 2016/05/11 v2.12 LaTeX color extensions (UK)

("C:\Program Files (x86)\MiKTeX 2.9\tex\latex\00miktex\color.cfg"
File: color.cfg 2016/01/02 v1.6 sample color configuration
)
Package xcolor Info: Driver file: pdftex.def on input line 225.
Package xcolor Info: Model `cmy' substituted by `cmy0' on input line 1348.
Package xcolor Info: Model `hsb' substituted by `rgb' on input line 1352.
Package xcolor Info: Model `RGB' extended on input line 1364.
Package xcolor Info: Model `HTML' substituted by `rgb' on input line 1366.
Package xcolor Info: Model `Hsb' substituted by `hsb' on input line 1367.
Package xcolor Info: Model `tHsb' substituted by `hsb' on input line 1368.
Package xcolor Info: Model `HSB' substituted by `hsb' on input line 1369.
Package xcolor Info: Model `Gray' substituted by `gray' on input line 1370.
Package xcolor Info: Model `wave' substituted by `hsb' on input line 1371.
)
(C:\Users\jmillson\AppData\Roaming\MiKTeX\2.9\tex\generic\pgf\basiclayer\pgfcor
e.code.tex
Package: pgfcore 2010/04/11 v3.0.1a (rcs-revision 1.7)

(C:\Users\jmillson\AppData\Roaming\MiKTeX\2.9\tex\generic\pgf\math\pgfmath.code
.tex
(C:\Users\jmillson\AppData\Roaming\MiKTeX\2.9\tex\generic\pgf\math\pgfmathcalc.
code.tex
(C:\Users\jmillson\AppData\Roaming\MiKTeX\2.9\tex\generic\pgf\math\pgfmathutil.
code.tex)
(C:\Users\jmillson\AppData\Roaming\MiKTeX\2.9\tex\generic\pgf\math\pgfmathparse
r.code.tex
\pgfmath@dimen=\dimen149
\pgfmath@count=\count112
\pgfmath@box=\box36
\pgfmath@toks=\toks29
\pgfmath@stack@operand=\toks30
\pgfmath@stack@operation=\toks31
)
(C:\Users\jmillson\AppData\Roaming\MiKTeX\2.9\tex\generic\pgf\math\pgfmathfunct
ions.code.tex
(C:\Users\jmillson\AppData\Roaming\MiKTeX\2.9\tex\generic\pgf\math\pgfmathfunct
ions.basic.code.tex)
(C:\Users\jmillson\AppData\Roaming\MiKTeX\2.9\tex\generic\pgf\math\pgfmathfunct
ions.trigonometric.code.tex)
(C:\Users\jmillson\AppData\Roaming\MiKTeX\2.9\tex\generic\pgf\math\pgfmathfunct
ions.random.code.tex)
(C:\Users\jmillson\AppData\Roaming\MiKTeX\2.9\tex\generic\pgf\math\pgfmathfunct
ions.comparison.code.tex)
(C:\Users\jmillson\AppData\Roaming\MiKTeX\2.9\tex\generic\pgf\math\pgfmathfunct
ions.base.code.tex)
(C:\Users\jmillson\AppData\Roaming\MiKTeX\2.9\tex\generic\pgf\math\pgfmathfunct
ions.round.code.tex)
(C:\Users\jmillson\AppData\Roaming\MiKTeX\2.9\tex\generic\pgf\math\pgfmathfunct
ions.misc.code.tex)
(C:\Users\jmillson\AppData\Roaming\MiKTeX\2.9\tex\generic\pgf\math\pgfmathfunct
ions.integerarithmetics.code.tex)))
(C:\Users\jmillson\AppData\Roaming\MiKTeX\2.9\tex\generic\pgf\math\pgfmathfloat
.code.tex
\c@pgfmathroundto@lastzeros=\count113
))
(C:\Users\jmillson\AppData\Roaming\MiKTeX\2.9\tex\generic\pgf\basiclayer\pgfcor
epoints.code.tex
File: pgfcorepoints.code.tex 2013/10/07  (rcs-revision 1.27)
\pgf@picminx=\dimen150
\pgf@picmaxx=\dimen151
\pgf@picminy=\dimen152
\pgf@picmaxy=\dimen153
\pgf@pathminx=\dimen154
\pgf@pathmaxx=\dimen155
\pgf@pathminy=\dimen156
\pgf@pathmaxy=\dimen157
\pgf@xx=\dimen158
\pgf@xy=\dimen159
\pgf@yx=\dimen160
\pgf@yy=\dimen161
\pgf@zx=\dimen162
\pgf@zy=\dimen163
)
(C:\Users\jmillson\AppData\Roaming\MiKTeX\2.9\tex\generic\pgf\basiclayer\pgfcor
epathconstruct.code.tex
File: pgfcorepathconstruct.code.tex 2013/10/07  (rcs-revision 1.29)
\pgf@path@lastx=\dimen164
\pgf@path@lasty=\dimen165
)
(C:\Users\jmillson\AppData\Roaming\MiKTeX\2.9\tex\generic\pgf\basiclayer\pgfcor
epathusage.code.tex
File: pgfcorepathusage.code.tex 2014/11/02  (rcs-revision 1.24)
\pgf@shorten@end@additional=\dimen166
\pgf@shorten@start@additional=\dimen167
)
(C:\Users\jmillson\AppData\Roaming\MiKTeX\2.9\tex\generic\pgf\basiclayer\pgfcor
escopes.code.tex
File: pgfcorescopes.code.tex 2015/05/08  (rcs-revision 1.46)
\pgfpic=\box37
\pgf@hbox=\box38
\pgf@layerbox@main=\box39
\pgf@picture@serial@count=\count114
)
(C:\Users\jmillson\AppData\Roaming\MiKTeX\2.9\tex\generic\pgf\basiclayer\pgfcor
egraphicstate.code.tex
File: pgfcoregraphicstate.code.tex 2014/11/02  (rcs-revision 1.12)
\pgflinewidth=\dimen168
)
(C:\Users\jmillson\AppData\Roaming\MiKTeX\2.9\tex\generic\pgf\basiclayer\pgfcor
etransformations.code.tex
File: pgfcoretransformations.code.tex 2015/08/07  (rcs-revision 1.20)
\pgf@pt@x=\dimen169
\pgf@pt@y=\dimen170
\pgf@pt@temp=\dimen171
)
(C:\Users\jmillson\AppData\Roaming\MiKTeX\2.9\tex\generic\pgf\basiclayer\pgfcor
equick.code.tex
File: pgfcorequick.code.tex 2008/10/09  (rcs-revision 1.3)
)
(C:\Users\jmillson\AppData\Roaming\MiKTeX\2.9\tex\generic\pgf\basiclayer\pgfcor
eobjects.code.tex
File: pgfcoreobjects.code.tex 2006/10/11  (rcs-revision 1.2)
)
(C:\Users\jmillson\AppData\Roaming\MiKTeX\2.9\tex\generic\pgf\basiclayer\pgfcor
epathprocessing.code.tex
File: pgfcorepathprocessing.code.tex 2013/09/09  (rcs-revision 1.9)
)
(C:\Users\jmillson\AppData\Roaming\MiKTeX\2.9\tex\generic\pgf\basiclayer\pgfcor
earrows.code.tex
File: pgfcorearrows.code.tex 2015/05/14  (rcs-revision 1.43)
\pgfarrowsep=\dimen172
)
(C:\Users\jmillson\AppData\Roaming\MiKTeX\2.9\tex\generic\pgf\basiclayer\pgfcor
eshade.code.tex
File: pgfcoreshade.code.tex 2013/07/15  (rcs-revision 1.15)
\pgf@max=\dimen173
\pgf@sys@shading@range@num=\count115
)
(C:\Users\jmillson\AppData\Roaming\MiKTeX\2.9\tex\generic\pgf\basiclayer\pgfcor
eimage.code.tex
File: pgfcoreimage.code.tex 2013/07/15  (rcs-revision 1.18)

(C:\Users\jmillson\AppData\Roaming\MiKTeX\2.9\tex\generic\pgf\basiclayer\pgfcor
eexternal.code.tex
File: pgfcoreexternal.code.tex 2014/07/09  (rcs-revision 1.21)
\pgfexternal@startupbox=\box40
))
(C:\Users\jmillson\AppData\Roaming\MiKTeX\2.9\tex\generic\pgf\basiclayer\pgfcor
elayers.code.tex
File: pgfcorelayers.code.tex 2013/07/18  (rcs-revision 1.7)
)
(C:\Users\jmillson\AppData\Roaming\MiKTeX\2.9\tex\generic\pgf\basiclayer\pgfcor
etransparency.code.tex
File: pgfcoretransparency.code.tex 2013/09/30  (rcs-revision 1.5)
)
(C:\Users\jmillson\AppData\Roaming\MiKTeX\2.9\tex\generic\pgf\basiclayer\pgfcor
epatterns.code.tex
File: pgfcorepatterns.code.tex 2013/11/07  (rcs-revision 1.5)
)))
(C:\Users\jmillson\AppData\Roaming\MiKTeX\2.9\tex\generic\pgf\modules\pgfmodule
shapes.code.tex
File: pgfmoduleshapes.code.tex 2014/03/21  (rcs-revision 1.35)
\pgfnodeparttextbox=\box41
)
(C:\Users\jmillson\AppData\Roaming\MiKTeX\2.9\tex\generic\pgf\modules\pgfmodule
plot.code.tex
File: pgfmoduleplot.code.tex 2015/08/03  (rcs-revision 1.13)
)
(C:\Users\jmillson\AppData\Roaming\MiKTeX\2.9\tex\latex\pgf\compatibility\pgfco
mp-version-0-65.sty
Package: pgfcomp-version-0-65 2007/07/03 v3.0.1a (rcs-revision 1.7)
\pgf@nodesepstart=\dimen174
\pgf@nodesepend=\dimen175
)
(C:\Users\jmillson\AppData\Roaming\MiKTeX\2.9\tex\latex\pgf\compatibility\pgfco
mp-version-1-18.sty
Package: pgfcomp-version-1-18 2007/07/23 v3.0.1a (rcs-revision 1.1)
))
(C:\Users\jmillson\AppData\Roaming\MiKTeX\2.9\tex\latex\adjustbox\adjustbox.sty
Package: adjustbox 2012/05/21 v1.0 Adjusting TeX boxes (trim, clip, ...)
("C:\Program Files (x86)\MiKTeX 2.9\tex\latex\xkeyval\xkeyval.sty"
Package: xkeyval 2014/12/03 v2.7a package option processing (HA)

("C:\Program Files (x86)\MiKTeX 2.9\tex\generic\xkeyval\xkeyval.tex"
("C:\Program Files (x86)\MiKTeX 2.9\tex\generic\xkeyval\xkvutils.tex"
\XKV@toks=\toks32
\XKV@tempa@toks=\toks33
)
\XKV@depth=\count116
File: xkeyval.tex 2014/12/03 v2.7a key=value parser (HA)
))
(C:\Users\jmillson\AppData\Roaming\MiKTeX\2.9\tex\latex\adjustbox\adjcalc.sty
Package: adjcalc 2012/05/16 v1.1 Provides advanced setlength with multiple back
-ends (calc, etex, pgfmath)
)
(C:\Users\jmillson\AppData\Roaming\MiKTeX\2.9\tex\latex\adjustbox\trimclip.sty
Package: trimclip 2012/05/16 v1.0 Trim and clip general TeX material

(C:\Users\jmillson\AppData\Roaming\MiKTeX\2.9\tex\latex\collectbox\collectbox.s
ty
Package: collectbox 2012/05/17 v0.4b Collect macro arguments as boxes
\collectedbox=\box42
)
\tc@llx=\dimen176
\tc@lly=\dimen177
\tc@urx=\dimen178
\tc@ury=\dimen179
Package trimclip Info: Using driver 'tc-pdftex.def'.

(C:\Users\jmillson\AppData\Roaming\MiKTeX\2.9\tex\latex\adjustbox\tc-pdftex.def
File: tc-pdftex.def 2012/05/13 v1.0 Clipping driver for pdftex
))
\adjbox@Width=\dimen180
\adjbox@Height=\dimen181
\adjbox@Depth=\dimen182
\adjbox@Totalheight=\dimen183

(C:\Users\jmillson\AppData\Roaming\MiKTeX\2.9\tex\latex\ifoddpage\ifoddpage.sty
Package: ifoddpage 2016/04/23 v1.1 Conditionals for odd/even page detection
\c@checkoddpage=\count117
) ("C:\Program Files (x86)\MiKTeX 2.9\tex\latex\ltxmisc\varwidth.sty"
Package: varwidth 2009/03/30 ver 0.92;  Variable-width minipages
\@vwid@box=\box43
\sift@deathcycles=\count118
\@vwid@loff=\dimen184
\@vwid@roff=\dimen185
))
(C:\Users\jmillson\AppData\Roaming\MiKTeX\2.9\tex\latex\ushort\ushort.sty
ushort.sty by M. Vaeth: Release: 2.2 
Package: ushort 2001/06/13 v2.2
) (C:\Users\jmillson\AppData\Roaming\MiKTeX\2.9\tex\latex\soul\soul.sty
Package: soul 2003/11/17 v2.4 letterspacing/underlining (mf)
\SOUL@word=\toks34
\SOUL@lasttoken=\toks35
\SOUL@cmds=\toks36
\SOUL@buffer=\toks37
\SOUL@token=\toks38
\SOUL@spaceskip=\skip47
\SOUL@ttwidth=\dimen186
\SOUL@uldp=\dimen187
\SOUL@ulht=\dimen188
)
(C:\Users\jmillson\AppData\Roaming\MiKTeX\2.9\tex\latex\csquotes\csquotes.sty
Package: csquotes 2016/07/14 v5.1h context-sensitive quotations (JAW)

(C:\Users\jmillson\AppData\Roaming\MiKTeX\2.9\tex\latex\etoolbox\etoolbox.sty
Package: etoolbox 2015/08/02 v2.2a e-TeX tools for LaTeX (JAW)
\etb@tempcnta=\count119
)
\csq@reset=\count120
\csq@gtype=\count121
\csq@glevel=\count122
\csq@qlevel=\count123
\csq@maxlvl=\count124
\csq@tshold=\count125
\csq@ltx@everypar=\toks39

(C:\Users\jmillson\AppData\Roaming\MiKTeX\2.9\tex\latex\csquotes\csquotes.def
File: csquotes.def 2016/07/14 v5.1h csquotes generic definitions (JAW)
)
Package csquotes Info: Trying to load configuration file 'csquotes.cfg'...
Package csquotes Info: ... configuration file loaded successfully.

(C:\Users\jmillson\AppData\Roaming\MiKTeX\2.9\tex\latex\csquotes\csquotes.cfg
File: csquotes.cfg 
)
Package csquotes Info: Enabling multilingual quotes.
) (C:\Users\jmillson\AppData\Roaming\MiKTeX\2.9\tex\latex\biblatex\biblatex.sty
Package: biblatex 2016/05/14 v3.4 programmable bibliographies (PK/JW/AB)

(C:\Users\jmillson\AppData\Roaming\MiKTeX\2.9\tex\latex\iftex\iftex.sty
Package: iftex 2013/04/04 v0.2 Provides if(tex) conditional for PDFTeX, XeTeX, 
and LuaTeX
)
("C:\Program Files (x86)\MiKTeX 2.9\tex\generic\oberdiek\pdftexcmds.sty"
Package: pdftexcmds 2016/05/21 v0.22 Utility functions of pdfTeX for LuaTeX (HO
)

("C:\Program Files (x86)\MiKTeX 2.9\tex\generic\oberdiek\ifluatex.sty"
Package: ifluatex 2016/05/16 v1.4 Provides the ifluatex switch (HO)
Package ifluatex Info: LuaTeX not detected.
)
Package pdftexcmds Info: LuaTeX not detected.
Package pdftexcmds Info: \pdf@primitive is available.
Package pdftexcmds Info: \pdf@ifprimitive is available.
Package pdftexcmds Info: \pdfdraftmode found.
)
("C:\Program Files (x86)\MiKTeX 2.9\tex\latex\oberdiek\kvoptions.sty"
Package: kvoptions 2016/05/16 v3.12 Key value format for package options (HO)

("C:\Program Files (x86)\MiKTeX 2.9\tex\generic\oberdiek\kvsetkeys.sty"
Package: kvsetkeys 2016/05/16 v1.17 Key value parser (HO)

("C:\Program Files (x86)\MiKTeX 2.9\tex\generic\oberdiek\etexcmds.sty"
Package: etexcmds 2016/05/16 v1.6 Avoid name clashes with e-TeX commands (HO)
Package etexcmds Info: Could not find \expanded.
(etexcmds)             That can mean that you are not using pdfTeX 1.50 or
(etexcmds)             that some package has redefined \expanded.
(etexcmds)             In the latter case, load this package earlier.
)))
(C:\Users\jmillson\AppData\Roaming\MiKTeX\2.9\tex\latex\logreq\logreq.sty
Package: logreq 2010/08/04 v1.0 xml request logger
\lrq@indent=\count126

(C:\Users\jmillson\AppData\Roaming\MiKTeX\2.9\tex\latex\logreq\logreq.def
File: logreq.def 2010/08/04 v1.0 logreq spec v1.0
))
("C:\Program Files (x86)\MiKTeX 2.9\tex\latex\base\ifthen.sty"
Package: ifthen 2014/09/29 v1.1c Standard LaTeX ifthen package (DPC)
)
(C:\Users\jmillson\AppData\Roaming\MiKTeX\2.9\tex\latex\url\url.sty
\Urlmuskip=\muskip11
Package: url 2013/09/16  ver 3.4  Verb mode for urls, etc.
)
(C:\Users\jmillson\AppData\Roaming\MiKTeX\2.9\tex\latex\xstring\xstring.sty
(C:\Users\jmillson\AppData\Roaming\MiKTeX\2.9\tex\generic\xstring\xstring.tex
\@xs@message=\write4
\integerpart=\count127
\decimalpart=\count128
)
Package: xstring 2013/10/13  v1.7c  String manipulations (C Tellechea)
)
\c@tabx@nest=\count129
\c@listtotal=\count130
\c@listcount=\count131
\c@liststart=\count132
\c@liststop=\count133
\c@citecount=\count134
\c@citetotal=\count135
\c@multicitecount=\count136
\c@multicitetotal=\count137
\c@instcount=\count138
\c@maxnames=\count139
\c@minnames=\count140
\c@maxitems=\count141
\c@minitems=\count142
\c@citecounter=\count143
\c@savedcitecounter=\count144
\c@uniquelist=\count145
\c@uniquename=\count146
\c@refsection=\count147
\c@refsegment=\count148
\c@maxextratitle=\count149
\c@maxextratitleyear=\count150
\c@maxextrayear=\count151
\c@maxextraalpha=\count152
\c@abbrvpenalty=\count153
\c@highnamepenalty=\count154
\c@lownamepenalty=\count155
\c@maxparens=\count156
\c@parenlevel=\count157
\blx@tempcnta=\count158
\blx@tempcntb=\count159
\blx@tempcntc=\count160
\blx@maxsection=\count161
\blx@maxsegment@0=\count162
\blx@notetype=\count163
\blx@parenlevel@text=\count164
\blx@parenlevel@foot=\count165
\blx@sectionciteorder@0=\count166
\labelnumberwidth=\skip48
\labelalphawidth=\skip49
\biblabelsep=\skip50
\bibitemsep=\skip51
\bibnamesep=\skip52
\bibinitsep=\skip53
\bibparsep=\skip54
\bibhang=\skip55
\blx@bcfin=\read2
\blx@bcfout=\write5
\c@mincomprange=\count167
\c@maxcomprange=\count168
\c@mincompwidth=\count169
Package biblatex Info: Trying to load biblatex default data model...
Package biblatex Info: ... file 'blx-dm.def' found.
(C:\Users\jmillson\AppData\Roaming\MiKTeX\2.9\tex\latex\biblatex\blx-dm.def)
Package biblatex Info: Trying to load biblatex style data model...
Package biblatex Info: ... file 'chicago-authordate.dbx' not found.
Package biblatex Info: Trying to load biblatex custom data model...
Package biblatex Info: ... file 'biblatex-dm.cfg' not found.
\c@afterword=\count170
\c@savedafterword=\count171
\c@annotator=\count172
\c@savedannotator=\count173
\c@author=\count174
\c@savedauthor=\count175
\c@bookauthor=\count176
\c@savedbookauthor=\count177
\c@commentator=\count178
\c@savedcommentator=\count179
\c@editor=\count180
\c@savededitor=\count181
\c@editora=\count182
\c@savededitora=\count183
\c@editorb=\count184
\c@savededitorb=\count185
\c@editorc=\count186
\c@savededitorc=\count187
\c@foreword=\count188
\c@savedforeword=\count189
\c@holder=\count190
\c@savedholder=\count191
\c@introduction=\count192
\c@savedintroduction=\count193
\c@namea=\count194
\c@savednamea=\count195
\c@nameb=\count196
\c@savednameb=\count197
\c@namec=\count198
\c@savednamec=\count199
\c@translator=\count266
\c@savedtranslator=\count267
\c@shortauthor=\count268
\c@savedshortauthor=\count269
\c@shorteditor=\count270
\c@savedshorteditor=\count271
\c@labelname=\count272
\c@savedlabelname=\count273
\c@institution=\count274
\c@savedinstitution=\count275
\c@lista=\count276
\c@savedlista=\count277
\c@listb=\count278
\c@savedlistb=\count279
\c@listc=\count280
\c@savedlistc=\count281
\c@listd=\count282
\c@savedlistd=\count283
\c@liste=\count284
\c@savedliste=\count285
\c@listf=\count286
\c@savedlistf=\count287
\c@location=\count288
\c@savedlocation=\count289
\c@organization=\count290
\c@savedorganization=\count291
\c@origlocation=\count292
\c@savedoriglocation=\count293
\c@origpublisher=\count294
\c@savedorigpublisher=\count295
\c@publisher=\count296
\c@savedpublisher=\count297
\c@language=\count298
\c@savedlanguage=\count299
\c@pageref=\count300
\c@savedpageref=\count301
\shorthandwidth=\skip56
\shortjournalwidth=\skip57
\shortserieswidth=\skip58
\shorttitlewidth=\skip59
\shortauthorwidth=\skip60
\shorteditorwidth=\skip61
Package biblatex Info: Trying to load compatibility code...
Package biblatex Info: ... file 'blx-compat.def' found.

(C:\Users\jmillson\AppData\Roaming\MiKTeX\2.9\tex\latex\biblatex\blx-compat.def
File: blx-compat.def 2016/05/14 v3.4 biblatex compatibility (PK/JW/AB)
)
Package biblatex Info: Trying to load generic definitions...
Package biblatex Info: ... file 'biblatex.def' found.
 (C:\Users\jmillson\AppData\Roaming\MiKTeX\2.9\tex\latex\biblatex\biblatex.def
File: biblatex.def 2016/05/14 v3.4 biblatex compatibility (PK/JW/AB)
\c@textcitecount=\count302
\c@textcitetotal=\count303
\c@textcitemaxnames=\count304
\c@biburlnumpenalty=\count305
\c@biburlucpenalty=\count306
\c@biburllcpenalty=\count307
\c@smartand=\count308
)
Package biblatex Info: Trying to load natbib compatibility...
Package biblatex Info: ... file 'blx-natbib.def' found.

(C:\Users\jmillson\AppData\Roaming\MiKTeX\2.9\tex\latex\biblatex\blx-natbib.def
File: blx-natbib.def 2016/05/14 v3.4 biblatex compatibility (PK/JW/AB)
)
Package biblatex Info: Trying to load bibliography style 'chicago-authordate'..
.
Package biblatex Info: ... file 'chicago-authordate.bbx' found.

(C:\Users\jmillson\AppData\Roaming\MiKTeX\2.9\tex\latex\biblatex-chicago\chicag
o-authordate.bbx
File: chicago-authordate.bbx 2016/06/07 v 3.4 biblatex bibliography style
\lositemsep=\skip62
\c@bbx:relatedcount=\count309
\c@bbx:relatedtotal=\count310
)
Package biblatex Info: Trying to load citation style 'chicago-authordate'...
Package biblatex Info: ... file 'chicago-authordate.cbx' found.

(C:\Users\jmillson\AppData\Roaming\MiKTeX\2.9\tex\latex\biblatex-chicago\chicag
o-authordate.cbx
File: chicago-authordate.cbx 2016/06/07 v 3.4 biblatex citation style
Package biblatex Info: Trying to load citation style 'chicago-dates-common'...
Package biblatex Info: ... file 'chicago-dates-common.cbx' found.

(C:\Users\jmillson\AppData\Roaming\MiKTeX\2.9\tex\latex\biblatex-chicago\chicag
o-dates-common.cbx
File: chicago-dates-common.cbx 2016/06/07 v 3.4 biblatex citation style
Package biblatex Info: Redefining '\cite'.
Package biblatex Info: Redefining '\parencite'.
Package biblatex Info: Redefining '\footcite'.
Package biblatex Info: Redefining '\footcitetext'.
Package biblatex Info: Redefining '\textcite'.
Package biblatex Info: Redefining '\textcites'.
Package biblatex Info: Redefining '\cites'.
Package biblatex Info: Redefining '\parencites'.
Package biblatex Info: Redefining '\footcites'.
Package biblatex Info: Redefining '\footcitetexts'.
Package biblatex Info: Patching 'autolang=other' option.
))
Package biblatex Info: Trying to load configuration file...
Package biblatex Info: ... file 'biblatex.cfg' found.

(C:\Users\jmillson\AppData\Roaming\MiKTeX\2.9\tex\latex\biblatex\biblatex.cfg
File: biblatex.cfg 
))
LaTeX Font Info:    Redeclaring math symbol \Gamma on input line 31.
LaTeX Font Info:    Redeclaring math symbol \Delta on input line 32.
LaTeX Font Info:    Redeclaring math symbol \Theta on input line 33.
LaTeX Font Info:    Redeclaring math symbol \Lambda on input line 34.
LaTeX Font Info:    Redeclaring math symbol \Xi on input line 35.
LaTeX Font Info:    Redeclaring math symbol \Pi on input line 36.
LaTeX Font Info:    Redeclaring math symbol \Sigma on input line 37.
LaTeX Font Info:    Redeclaring math symbol \Upsilon on input line 38.
LaTeX Font Info:    Redeclaring math symbol \Phi on input line 39.
LaTeX Font Info:    Redeclaring math symbol \Psi on input line 40.
LaTeX Font Info:    Redeclaring math symbol \Omega on input line 41.
\symMnSyA=\mathgroup8
("C:\Program Files (x86)\MiKTeX 2.9\tex\latex\oberdiek\refcount.sty"
Package: refcount 2016/05/16 v3.5 Data extraction from label references (HO)
)
\c@fncntr=\count311

(C:\Users\jmillson\AppData\Roaming\MiKTeX\2.9\tex\latex\footmisc\footmisc.sty
Package: footmisc 2011/06/06 v5.5b a miscellany of footnote facilities
\FN@temptoken=\toks40
\footnotemargin=\dimen189
\c@pp@next@reset=\count312
Package footmisc Info: Declaring symbol style bringhurst on input line 855.
Package footmisc Info: Declaring symbol style chicago on input line 863.
Package footmisc Info: Declaring symbol style wiley on input line 872.
Package footmisc Info: Declaring symbol style lamport-robust on input line 883.

Package footmisc Info: Declaring symbol style lamport* on input line 903.
Package footmisc Info: Declaring symbol style lamport*-robust on input line 924
.
)
("C:\Program Files (x86)\MiKTeX 2.9\tex\latex\hyperref\hyperref.sty"
Package: hyperref 2016/05/21 v6.83p Hypertext links for LaTeX

("C:\Program Files (x86)\MiKTeX 2.9\tex\generic\oberdiek\hobsub-hyperref.sty"
Package: hobsub-hyperref 2016/05/16 v1.14 Bundle oberdiek, subset hyperref (HO)


("C:\Program Files (x86)\MiKTeX 2.9\tex\generic\oberdiek\hobsub-generic.sty"
Package: hobsub-generic 2016/05/16 v1.14 Bundle oberdiek, subset generic (HO)
Package: hobsub 2016/05/16 v1.14 Construct package bundles (HO)
Package hobsub Info: Skipping package `infwarerr' (already loaded).
Package hobsub Info: Skipping package `ltxcmds' (already loaded).
Package hobsub Info: Skipping package `ifluatex' (already loaded).
Package hobsub Info: Skipping package `ifvtex' (already loaded).
Package: intcalc 2016/05/16 v1.2 Expandable calculations with integers (HO)
Package hobsub Info: Skipping package `ifpdf' (already loaded).
Package hobsub Info: Skipping package `etexcmds' (already loaded).
Package hobsub Info: Skipping package `kvsetkeys' (already loaded).
Package: kvdefinekeys 2016/05/16 v1.4 Define keys (HO)
Package hobsub Info: Skipping package `pdftexcmds' (already loaded).
Package: pdfescape 2016/05/16 v1.14 Implements pdfTeX's escape features (HO)
Package: bigintcalc 2016/05/16 v1.4 Expandable calculations on big integers (HO
)
Package: bitset 2016/05/16 v1.2 Handle bit-vector datatype (HO)
Package: uniquecounter 2016/05/16 v1.3 Provide unlimited unique counter (HO)
)
Package hobsub Info: Skipping package `hobsub' (already loaded).
Package: letltxmacro 2016/05/16 v1.5 Let assignment for LaTeX macros (HO)
Package: hopatch 2016/05/16 v1.3 Wrapper for package hooks (HO)
Package: xcolor-patch 2016/05/16 xcolor patch
Package: atveryend 2016/05/16 v1.9 Hooks at the very end of document (HO)
Package: atbegshi 2016/06/09 v1.18 At begin shipout hook (HO)
Package hobsub Info: Skipping package `refcount' (already loaded).
Package: hycolor 2016/05/16 v1.8 Color options for hyperref/bookmark (HO)
)
("C:\Program Files (x86)\MiKTeX 2.9\tex\latex\oberdiek\auxhook.sty"
Package: auxhook 2016/05/16 v1.4 Hooks for auxiliary files (HO)
)
\@linkdim=\dimen190
\Hy@linkcounter=\count313
\Hy@pagecounter=\count314

("C:\Program Files (x86)\MiKTeX 2.9\tex\latex\hyperref\pd1enc.def"
File: pd1enc.def 2016/05/21 v6.83p Hyperref: PDFDocEncoding definition (HO)
)
\Hy@SavedSpaceFactor=\count315

("C:\Program Files (x86)\MiKTeX 2.9\tex\latex\00miktex\hyperref.cfg"
File: hyperref.cfg 2002/06/06 v1.2 hyperref configuration of TeXLive
)
Package hyperref Info: Hyper figures OFF on input line 4486.
Package hyperref Info: Link nesting OFF on input line 4491.
Package hyperref Info: Hyper index ON on input line 4494.
Package hyperref Info: Plain pages OFF on input line 4501.
Package hyperref Info: Backreferencing OFF on input line 4506.
Package hyperref Info: Implicit mode ON; LaTeX internals redefined.
Package hyperref Info: Bookmarks ON on input line 4735.
\c@Hy@tempcnt=\count316
LaTeX Info: Redefining \url on input line 5088.
\XeTeXLinkMargin=\dimen191
\Fld@menulength=\count317
\Field@Width=\dimen192
\Fld@charsize=\dimen193
Package hyperref Info: Hyper figures OFF on input line 6342.
Package hyperref Info: Link nesting OFF on input line 6347.
Package hyperref Info: Hyper index ON on input line 6350.
Package hyperref Info: backreferencing OFF on input line 6357.
Package hyperref Info: Link coloring OFF on input line 6362.
Package hyperref Info: Link coloring with OCG OFF on input line 6367.
Package hyperref Info: PDF/A mode OFF on input line 6372.
LaTeX Info: Redefining \ref on input line 6412.
LaTeX Info: Redefining \pageref on input line 6416.
\Hy@abspage=\count318
\c@Item=\count319
\c@Hfootnote=\count320
)

Package hyperref Message: Driver (autodetected): hpdftex.

("C:\Program Files (x86)\MiKTeX 2.9\tex\latex\hyperref\hpdftex.def"
File: hpdftex.def 2016/05/21 v6.83p Hyperref driver for pdfTeX
\Fld@listcount=\count321
\c@bookmark@seq@number=\count322

("C:\Program Files (x86)\MiKTeX 2.9\tex\latex\oberdiek\rerunfilecheck.sty"
Package: rerunfilecheck 2016/05/16 v1.8 Rerun checks for auxiliary files (HO)
Package uniquecounter Info: New unique counter `rerunfilecheck' on input line 2
82.
)
\Hy@SectionHShift=\skip63
)
Package csquotes Info: Checking for multilingual support...
Package csquotes Info: ... none found.


Package csquotes Warning: No multilingual support.
(csquotes)                Cannot enable multilingual quotes on input line 187.

Package biblatex Info: Trying to load language 'english'...
Package biblatex Info: ... file 'english.lbx' found.

(C:\Users\jmillson\AppData\Roaming\MiKTeX\2.9\tex\latex\biblatex\lbx\english.lb
x
File: english.lbx 2016/05/14 v3.4 biblatex localization (PK/JW/AB)
) (Explan_Assym-biblatex.aux)
\openout1 = `Explan_Assym-biblatex.aux'.

LaTeX Font Info:    Checking defaults for OML/cmm/m/it on input line 187.
LaTeX Font Info:    ... okay on input line 187.
LaTeX Font Info:    Checking defaults for T1/cmr/m/n on input line 187.
LaTeX Font Info:    ... okay on input line 187.
LaTeX Font Info:    Checking defaults for OT1/cmr/m/n on input line 187.
LaTeX Font Info:    ... okay on input line 187.
LaTeX Font Info:    Checking defaults for OMS/cmsy/m/n on input line 187.
LaTeX Font Info:    ... okay on input line 187.
LaTeX Font Info:    Checking defaults for OMX/cmex/m/n on input line 187.
LaTeX Font Info:    ... okay on input line 187.
LaTeX Font Info:    Checking defaults for U/cmr/m/n on input line 187.
LaTeX Font Info:    ... okay on input line 187.
LaTeX Font Info:    Checking defaults for TS1/cmr/m/n on input line 187.
LaTeX Font Info:    ... okay on input line 187.
LaTeX Font Info:    Checking defaults for PD1/pdf/m/n on input line 187.
LaTeX Font Info:    ... okay on input line 187.
LaTeX Font Info:    Try loading font information for OT1+ptm on input line 187.


("C:\Program Files (x86)\MiKTeX 2.9\tex\latex\psnfss\ot1ptm.fd"
File: ot1ptm.fd 2001/06/04 font definitions for OT1/ptm.
)
*geometry* driver: auto-detecting
*geometry* detected driver: pdftex
*geometry* verbose mode - [ preamble ] result:
* driver: pdftex
* paper: <default>
* layout: <same size as paper>
* layoutoffset:(h,v)=(0.0pt,0.0pt)
* modes: 
* h-part:(L,W,R)=(92.14519pt, 430.00462pt, 92.14519pt)
* v-part:(T,H,B)=(95.39737pt, 556.47656pt, 143.09605pt)
* \paperwidth=614.295pt
* \paperheight=794.96999pt
* \textwidth=430.00462pt
* \textheight=556.47656pt
* \oddsidemargin=19.8752pt
* \evensidemargin=19.8752pt
* \topmargin=-13.87262pt
* \headheight=12.0pt
* \headsep=25.0pt
* \topskip=10.0pt
* \footskip=30.0pt
* \marginparwidth=65.0pt
* \marginparsep=11.0pt
* \columnsep=10.0pt
* \skip\footins=9.0pt plus 4.0pt minus 2.0pt
* \hoffset=0.0pt
* \voffset=0.0pt
* \mag=1000
* \@twocolumnfalse
* \@twosidefalse
* \@mparswitchfalse
* \@reversemarginfalse
* (1in=72.27pt=25.4mm, 1cm=28.453pt)

(C:\Users\jmillson\AppData\Roaming\MiKTeX\2.9\tex\context\base\supp-pdf.mkii
[Loading MPS to PDF converter (version 2006.09.02).]
\scratchcounter=\count323
\scratchdimen=\dimen194
\scratchbox=\box44
\nofMPsegments=\count324
\nofMParguments=\count325
\everyMPshowfont=\toks41
\MPscratchCnt=\count326
\MPscratchDim=\dimen195
\MPnumerator=\count327
\makeMPintoPDFobject=\count328
\everyMPtoPDFconversion=\toks42
) ("C:\Program Files (x86)\MiKTeX 2.9\tex\latex\oberdiek\epstopdf-base.sty"
Package: epstopdf-base 2016/05/15 v2.6 Base part for package epstopdf

("C:\Program Files (x86)\MiKTeX 2.9\tex\latex\oberdiek\grfext.sty"
Package: grfext 2016/05/16 v1.2 Manage graphics extensions (HO)
)
Package epstopdf-base Info: Redefining graphics rule for `.eps' on input line 4
38.
Package grfext Info: Graphics extension search list:
(grfext)             [.png,.pdf,.jpg,.mps,.jpeg,.jbig2,.jb2,.PNG,.PDF,.JPG,.JPE
G,.JBIG2,.JB2,.eps]
(grfext)             \AppendGraphicsExtensions on input line 456.
)
ABD: EveryShipout initializing macros
Package biblatex Info: No input encoding detected.
(biblatex)             Assuming 'ascii'.
Package biblatex Info: Automatic encoding selection.
(biblatex)             Assuming data encoding 'ascii'.
\openout5 = `Explan_Assym-biblatex.bcf'.

Package biblatex Info: Trying to load bibliographic data...
Package biblatex Info: ... file 'Explan_Assym-biblatex.bbl' found.
 (Explan_Assym-biblatex.bbl)
Package biblatex Info: Reference section=0 on input line 187.
Package biblatex Info: Reference segment=0 on input line 187.
\AtBeginShipoutBox=\box45
Package hyperref Info: Link coloring OFF on input line 187.

("C:\Program Files (x86)\MiKTeX 2.9\tex\latex\hyperref\nameref.sty"
Package: nameref 2016/05/21 v2.44 Cross-referencing by name of section

("C:\Program Files (x86)\MiKTeX 2.9\tex\generic\oberdiek\gettitlestring.sty"
Package: gettitlestring 2016/05/16 v1.5 Cleanup title references (HO)
)
\c@section@level=\count329
)
LaTeX Info: Redefining \ref on input line 187.
LaTeX Info: Redefining \pageref on input line 187.
LaTeX Info: Redefining \nameref on input line 187.

(Explan_Assym-biblatex.out) (Explan_Assym-biblatex.out)
\@outlinefile=\write6
\openout6 = `Explan_Assym-biblatex.out'.

LaTeX Font Info:    Try loading font information for OT1+ztmcm on input line 19
9.

("C:\Program Files (x86)\MiKTeX 2.9\tex\latex\psnfss\ot1ztmcm.fd"
File: ot1ztmcm.fd 2000/01/03 Fontinst v1.801 font definitions for OT1/ztmcm.
)
LaTeX Font Info:    Try loading font information for OML+ztmcm on input line 19
9.

("C:\Program Files (x86)\MiKTeX 2.9\tex\latex\psnfss\omlztmcm.fd"
File: omlztmcm.fd 2000/01/03 Fontinst v1.801 font definitions for OML/ztmcm.
)
LaTeX Font Info:    Try loading font information for OMS+ztmcm on input line 19
9.

("C:\Program Files (x86)\MiKTeX 2.9\tex\latex\psnfss\omsztmcm.fd"
File: omsztmcm.fd 2000/01/03 Fontinst v1.801 font definitions for OMS/ztmcm.
)
LaTeX Font Info:    Try loading font information for OMX+ztmcm on input line 19
9.

("C:\Program Files (x86)\MiKTeX 2.9\tex\latex\psnfss\omxztmcm.fd"
File: omxztmcm.fd 2000/01/03 Fontinst v1.801 font definitions for OMX/ztmcm.
)
LaTeX Font Info:    Font shape `OT1/ptm/bx/n' in size <12> not available
(Font)              Font shape `OT1/ptm/b/n' tried instead on input line 199.
LaTeX Font Info:    Font shape `OT1/ptm/bx/n' in size <9> not available
(Font)              Font shape `OT1/ptm/b/n' tried instead on input line 199.
LaTeX Font Info:    Font shape `OT1/ptm/bx/n' in size <7> not available
(Font)              Font shape `OT1/ptm/b/n' tried instead on input line 199.
LaTeX Font Info:    Try loading font information for U+stmry on input line 199.


(C:\Users\jmillson\AppData\Roaming\MiKTeX\2.9\tex\latex\stmaryrd\ustmry.fd)

LaTeX Warning: No \author given.

LaTeX Font Info:    Font shape `OT1/ptm/bx/n' in size <5> not available
(Font)              Font shape `OT1/ptm/b/n' tried instead on input line 202.
LaTeX Font Info:    Font shape `OT1/ptm/bx/n' in size <14.4> not available
(Font)              Font shape `OT1/ptm/b/n' tried instead on input line 206.
LaTeX Font Info:    Font shape `OT1/ptm/bx/n' in size <10> not available
(Font)              Font shape `OT1/ptm/b/n' tried instead on input line 209.
LaTeX Font Info:    Font shape `OT1/ptm/bx/n' in size <7.4> not available
(Font)              Font shape `OT1/ptm/b/n' tried instead on input line 209.
LaTeX Font Info:    Font shape `OT1/ptm/bx/n' in size <6> not available
(Font)              Font shape `OT1/ptm/b/n' tried instead on input line 209.
[1

{C:/Users/jmillson/AppData/Local/MiKTeX/2.9/pdftex/config/pdftex.map}]
Missing character: There is no Â in font ptmr7t!
Missing character: There is no ­ in font ptmr7t!
LaTeX Font Info:    Font shape `OT1/ptm/bx/n' in size <8> not available
(Font)              Font shape `OT1/ptm/b/n' tried instead on input line 236.

[2] [3]
Underfull \hbox (badness 10000) in paragraph at lines 265--266

 []


Underfull \hbox (badness 10000) in paragraph at lines 269--270

 []

[4]
Underfull \hbox (badness 10000) in paragraph at lines 276--277

 []


LaTeX Font Warning: Command \normalsize invalid in math mode on input line 278.



LaTeX Font Warning: Command \scriptsize invalid in math mode on input line 278.



LaTeX Font Warning: Command \normalsize invalid in math mode on input line 278.



LaTeX Font Warning: Command \scriptsize invalid in math mode on input line 278.



LaTeX Font Warning: Command \footnotesize invalid in math mode on input line 27
8.

LaTeX Font Info:    Calculating math sizes for size <5.5> on input line 278.
LaTeX Font Info:    Font shape `OT1/ptm/bx/n' in size <5.5> not available
(Font)              Font shape `OT1/ptm/b/n' tried instead on input line 278.
LaTeX Font Info:    Font shape `OT1/ptm/bx/n' in size <4.07002> not available
(Font)              Font shape `OT1/ptm/b/n' tried instead on input line 278.
LaTeX Font Info:    Font shape `OT1/ptm/bx/n' in size <3.30003> not available
(Font)              Font shape `OT1/ptm/b/n' tried instead on input line 278.

LaTeX Font Warning: Font shape `U/stmry/m/n' in size <5.5> not available
(Font)              size <5> substituted on input line 278.


LaTeX Font Warning: Font shape `U/stmry/m/n' in size <4.07002> not available
(Font)              size <5> substituted on input line 278.


LaTeX Font Warning: Font shape `U/stmry/m/n' in size <3.30003> not available
(Font)              size <5> substituted on input line 278.


LaTeX Font Warning: Command \scriptsize invalid in math mode on input line 278.



LaTeX Font Warning: Command \tiny invalid in math mode on input line 278.


Underfull \hbox (badness 10000) in paragraph at lines 278--279

 []


Overfull \hbox (26.48177pt too wide) in paragraph at lines 278--280
[]\OT1/ptm/b/n/10 Modally Ro-bust Acid [] 
 []


LaTeX Font Warning: Command \normalsize invalid in math mode on input line 281.



LaTeX Font Warning: Command \scriptsize invalid in math mode on input line 281.



LaTeX Font Warning: Command \normalsize invalid in math mode on input line 281.



LaTeX Font Warning: Command \scriptsize invalid in math mode on input line 281.



LaTeX Font Warning: Command \footnotesize invalid in math mode on input line 28
1.


LaTeX Font Warning: Command \scriptsize invalid in math mode on input line 281.



LaTeX Font Warning: Command \tiny invalid in math mode on input line 281.


LaTeX Font Warning: Command \normalsize invalid in math mode on input line 283.



LaTeX Font Warning: Command \scriptsize invalid in math mode on input line 283.



LaTeX Font Warning: Command \normalsize invalid in math mode on input line 283.



LaTeX Font Warning: Command \scriptsize invalid in math mode on input line 283.



LaTeX Font Warning: Command \footnotesize invalid in math mode on input line 28
3.


LaTeX Font Warning: Command \scriptsize invalid in math mode on input line 283.



LaTeX Font Warning: Command \tiny invalid in math mode on input line 283.


LaTeX Font Warning: Command \normalsize invalid in math mode on input line 283.



LaTeX Font Warning: Command \scriptsize invalid in math mode on input line 283.



LaTeX Font Warning: Command \normalsize invalid in math mode on input line 283.



LaTeX Font Warning: Command \scriptsize invalid in math mode on input line 283.



LaTeX Font Warning: Command \footnotesize invalid in math mode on input line 28
3.


LaTeX Font Warning: Command \scriptsize invalid in math mode on input line 283.



LaTeX Font Warning: Command \tiny invalid in math mode on input line 283.


LaTeX Font Warning: Command \normalsize invalid in math mode on input line 283.



LaTeX Font Warning: Command \scriptsize invalid in math mode on input line 283.



LaTeX Font Warning: Command \normalsize invalid in math mode on input line 283.



LaTeX Font Warning: Command \scriptsize invalid in math mode on input line 283.



LaTeX Font Warning: Command \footnotesize invalid in math mode on input line 28
3.


LaTeX Font Warning: Command \scriptsize invalid in math mode on input line 283.



LaTeX Font Warning: Command \tiny invalid in math mode on input line 283.


LaTeX Font Warning: Command \normalsize invalid in math mode on input line 283.



LaTeX Font Warning: Command \scriptsize invalid in math mode on input line 283.



LaTeX Font Warning: Command \normalsize invalid in math mode on input line 283.



LaTeX Font Warning: Command \scriptsize invalid in math mode on input line 283.



LaTeX Font Warning: Command \footnotesize invalid in math mode on input line 28
3.


LaTeX Font Warning: Command \scriptsize invalid in math mode on input line 283.



LaTeX Font Warning: Command \tiny invalid in math mode on input line 283.


LaTeX Font Warning: Command \normalsize invalid in math mode on input line 287.



LaTeX Font Warning: Command \scriptsize invalid in math mode on input line 287.



LaTeX Font Warning: Command \normalsize invalid in math mode on input line 287.



LaTeX Font Warning: Command \scriptsize invalid in math mode on input line 287.



LaTeX Font Warning: Command \footnotesize invalid in math mode on input line 28
7.


LaTeX Font Warning: Command \scriptsize invalid in math mode on input line 287.



LaTeX Font Warning: Command \tiny invalid in math mode on input line 287.


LaTeX Font Warning: Command \normalsize invalid in math mode on input line 287.



LaTeX Font Warning: Command \scriptsize invalid in math mode on input line 287.



LaTeX Font Warning: Command \normalsize invalid in math mode on input line 287.



LaTeX Font Warning: Command \scriptsize invalid in math mode on input line 287.



LaTeX Font Warning: Command \footnotesize invalid in math mode on input line 28
7.


LaTeX Font Warning: Command \scriptsize invalid in math mode on input line 287.



LaTeX Font Warning: Command \tiny invalid in math mode on input line 287.


LaTeX Font Warning: Command \normalsize invalid in math mode on input line 287.



LaTeX Font Warning: Command \scriptsize invalid in math mode on input line 287.



LaTeX Font Warning: Command \normalsize invalid in math mode on input line 287.



LaTeX Font Warning: Command \scriptsize invalid in math mode on input line 287.



LaTeX Font Warning: Command \footnotesize invalid in math mode on input line 28
7.


LaTeX Font Warning: Command \scriptsize invalid in math mode on input line 287.



LaTeX Font Warning: Command \tiny invalid in math mode on input line 287.


LaTeX Font Warning: Command \normalsize invalid in math mode on input line 287.



LaTeX Font Warning: Command \scriptsize invalid in math mode on input line 287.



LaTeX Font Warning: Command \normalsize invalid in math mode on input line 287.



LaTeX Font Warning: Command \scriptsize invalid in math mode on input line 287.



LaTeX Font Warning: Command \footnotesize invalid in math mode on input line 28
7.


LaTeX Font Warning: Command \scriptsize invalid in math mode on input line 287.



LaTeX Font Warning: Command \tiny invalid in math mode on input line 287.

[5]
Underfull \hbox (badness 10000) in paragraph at lines 310--311

 []


LaTeX Font Warning: Command \normalsize invalid in math mode on input line 316.



LaTeX Font Warning: Command \scriptsize invalid in math mode on input line 316.



LaTeX Font Warning: Command \normalsize invalid in math mode on input line 316.



LaTeX Font Warning: Command \scriptsize invalid in math mode on input line 316.



LaTeX Font Warning: Command \footnotesize invalid in math mode on input line 31
6.


LaTeX Font Warning: Command \scriptsize invalid in math mode on input line 316.



LaTeX Font Warning: Command \tiny invalid in math mode on input line 316.


Underfull \hbox (badness 10000) in paragraph at lines 314--317

 []

[6]

LaTeX Font Warning: Command \normalsize invalid in math mode on input line 326.



LaTeX Font Warning: Command \scriptsize invalid in math mode on input line 326.



LaTeX Font Warning: Command \normalsize invalid in math mode on input line 326.



LaTeX Font Warning: Command \scriptsize invalid in math mode on input line 326.



LaTeX Font Warning: Command \footnotesize invalid in math mode on input line 32
6.


LaTeX Font Warning: Command \scriptsize invalid in math mode on input line 326.



LaTeX Font Warning: Command \tiny invalid in math mode on input line 326.


LaTeX Font Warning: Command \normalsize invalid in math mode on input line 332.



LaTeX Font Warning: Command \scriptsize invalid in math mode on input line 332.



LaTeX Font Warning: Command \normalsize invalid in math mode on input line 332.



LaTeX Font Warning: Command \scriptsize invalid in math mode on input line 332.



LaTeX Font Warning: Command \footnotesize invalid in math mode on input line 33
2.


LaTeX Font Warning: Command \scriptsize invalid in math mode on input line 332.



LaTeX Font Warning: Command \tiny invalid in math mode on input line 332.


Underfull \hbox (badness 10000) in paragraph at lines 339--340

 []


LaTeX Font Warning: Command \normalsize invalid in math mode on input line 343.



LaTeX Font Warning: Command \scriptsize invalid in math mode on input line 343.



LaTeX Font Warning: Command \normalsize invalid in math mode on input line 343.



LaTeX Font Warning: Command \scriptsize invalid in math mode on input line 343.



LaTeX Font Warning: Command \footnotesize invalid in math mode on input line 34
3.


LaTeX Font Warning: Command \scriptsize invalid in math mode on input line 343.



LaTeX Font Warning: Command \tiny invalid in math mode on input line 343.


Underfull \hbox (badness 10000) in paragraph at lines 342--344

 []

[7]
Underfull \hbox (badness 10000) in paragraph at lines 352--353

 []


LaTeX Font Warning: Command \normalsize invalid in math mode on input line 356.



LaTeX Font Warning: Command \scriptsize invalid in math mode on input line 356.



LaTeX Font Warning: Command \normalsize invalid in math mode on input line 356.



LaTeX Font Warning: Command \scriptsize invalid in math mode on input line 356.



LaTeX Font Warning: Command \footnotesize invalid in math mode on input line 35
6.


LaTeX Font Warning: Command \scriptsize invalid in math mode on input line 356.



LaTeX Font Warning: Command \tiny invalid in math mode on input line 356.


Underfull \hbox (badness 10000) in paragraph at lines 355--357

 []


Underfull \hbox (badness 10000) in paragraph at lines 363--364

 []


LaTeX Font Warning: Command \normalsize invalid in math mode on input line 369.



LaTeX Font Warning: Command \scriptsize invalid in math mode on input line 369.



LaTeX Font Warning: Command \normalsize invalid in math mode on input line 369.



LaTeX Font Warning: Command \scriptsize invalid in math mode on input line 369.



LaTeX Font Warning: Command \footnotesize invalid in math mode on input line 36
9.


LaTeX Font Warning: Command \scriptsize invalid in math mode on input line 369.



LaTeX Font Warning: Command \tiny invalid in math mode on input line 369.


Underfull \hbox (badness 10000) in paragraph at lines 366--370

 []

[8] [9]
Underfull \hbox (badness 10000) in paragraph at lines 402--403

 []


Overfull \hbox (6.14203pt too wide) in paragraph at lines 404--407
[]\OT1/ptm/b/n/10 Derived Shadow [] 
 []


Underfull \hbox (badness 10000) in paragraph at lines 404--407

 []


Overfull \hbox (6.20528pt too wide) in paragraph at lines 408--411
[]\OT1/ptm/b/n/10 Derived Tower [] 
 []


Underfull \hbox (badness 10000) in paragraph at lines 408--411

 []

[10]
Underfull \hbox (badness 10000) in paragraph at lines 428--429

 []


LaTeX Font Warning: Command \normalsize invalid in math mode on input line 431.



LaTeX Font Warning: Command \scriptsize invalid in math mode on input line 431.



LaTeX Font Warning: Command \normalsize invalid in math mode on input line 431.



LaTeX Font Warning: Command \scriptsize invalid in math mode on input line 431.



LaTeX Font Warning: Command \footnotesize invalid in math mode on input line 43
1.


LaTeX Font Warning: Command \scriptsize invalid in math mode on input line 431.



LaTeX Font Warning: Command \tiny invalid in math mode on input line 431.


Overfull \hbox (23.1214pt too wide) in paragraph at lines 430--433
[]\OT1/ptm/b/n/10 Backwards Bil-liards [] 
 []


Underfull \hbox (badness 10000) in paragraph at lines 430--433

 []


Underfull \hbox (badness 10000) in paragraph at lines 438--439

 []


LaTeX Font Warning: Command \normalsize invalid in math mode on input line 441.



LaTeX Font Warning: Command \scriptsize invalid in math mode on input line 441.



LaTeX Font Warning: Command \normalsize invalid in math mode on input line 441.



LaTeX Font Warning: Command \scriptsize invalid in math mode on input line 441.



LaTeX Font Warning: Command \footnotesize invalid in math mode on input line 44
1.


LaTeX Font Warning: Command \scriptsize invalid in math mode on input line 441.



LaTeX Font Warning: Command \tiny invalid in math mode on input line 441.


Overfull \hbox (6.29095pt too wide) in paragraph at lines 440--443
[]\OT1/ptm/b/n/10 Billiards De-feater [] 
 []


Underfull \hbox (badness 10000) in paragraph at lines 440--443

 []

[11]
Underfull \hbox (badness 10000) in paragraph at lines 455--456

 []


LaTeX Font Warning: Command \normalsize invalid in math mode on input line 458.



LaTeX Font Warning: Command \scriptsize invalid in math mode on input line 458.



LaTeX Font Warning: Command \normalsize invalid in math mode on input line 458.



LaTeX Font Warning: Command \scriptsize invalid in math mode on input line 458.



LaTeX Font Warning: Command \footnotesize invalid in math mode on input line 45
8.


LaTeX Font Warning: Command \scriptsize invalid in math mode on input line 458.



LaTeX Font Warning: Command \tiny invalid in math mode on input line 458.


Overfull \hbox (8.11162pt too wide) in paragraph at lines 457--460
[]\OT1/ptm/b/n/10 Normal Bil-liards [] 
 []


Underfull \hbox (badness 10000) in paragraph at lines 457--460

 []


Underfull \hbox (badness 10000) in paragraph at lines 461--462

 []


LaTeX Font Warning: Command \normalsize invalid in math mode on input line 464.



LaTeX Font Warning: Command \scriptsize invalid in math mode on input line 464.



LaTeX Font Warning: Command \normalsize invalid in math mode on input line 464.



LaTeX Font Warning: Command \scriptsize invalid in math mode on input line 464.



LaTeX Font Warning: Command \footnotesize invalid in math mode on input line 46
4.


LaTeX Font Warning: Command \scriptsize invalid in math mode on input line 464.



LaTeX Font Warning: Command \tiny invalid in math mode on input line 464.


Overfull \hbox (8.00319pt too wide) in paragraph at lines 463--466
[]\OT1/ptm/b/n/10 Pseudo-Defeater [] 
 []

pdfTeX warning (ext4): destination with the same identifier (name{equation.3.1}
) has been already used, duplicate ignored
<to be read again> 
                   \relax 
l.473 \begin{equation}
                      pdfTeX warning (ext4): destination with the same identifi
er (name{equation.3.1}) has been already used, duplicate ignored
<to be read again> 
                   \relax 
l.473 \begin{equation}
                      pdfTeX warning (ext4): destination with the same identifi
er (name{equation.3.1}) has been already used, duplicate ignored
<to be read again> 
                   \relax 
l.473 \begin{equation}
                      pdfTeX warning (ext4): destination with the same identifi
er (name{equation.3.1}) has been already used, duplicate ignored
<to be read again> 
                   \relax 
l.473 \begin{equation}
                       [12] [13]
Underfull \hbox (badness 10000) in paragraph at lines 495--496

 []


LaTeX Font Warning: Command \normalsize invalid in math mode on input line 502.



LaTeX Font Warning: Command \scriptsize invalid in math mode on input line 502.



LaTeX Font Warning: Command \normalsize invalid in math mode on input line 502.



LaTeX Font Warning: Command \scriptsize invalid in math mode on input line 502.



LaTeX Font Warning: Command \footnotesize invalid in math mode on input line 50
2.


LaTeX Font Warning: Command \scriptsize invalid in math mode on input line 502.



LaTeX Font Warning: Command \tiny invalid in math mode on input line 502.


Overfull \hbox (55.27142pt too wide) in paragraph at lines 501--504
[]\OT1/ptm/b/n/10 Materially In-ferred Shadow [] 
 []


Underfull \hbox (badness 10000) in paragraph at lines 501--504

 []


LaTeX Font Warning: Command \normalsize invalid in math mode on input line 506.



LaTeX Font Warning: Command \scriptsize invalid in math mode on input line 506.



LaTeX Font Warning: Command \normalsize invalid in math mode on input line 506.



LaTeX Font Warning: Command \scriptsize invalid in math mode on input line 506.



LaTeX Font Warning: Command \footnotesize invalid in math mode on input line 50
6.


LaTeX Font Warning: Command \scriptsize invalid in math mode on input line 506.



LaTeX Font Warning: Command \tiny invalid in math mode on input line 506.


Overfull \hbox (55.33467pt too wide) in paragraph at lines 505--508
[]\OT1/ptm/b/n/10 Materially In-ferred Tower [] 
 []


Underfull \hbox (badness 10000) in paragraph at lines 505--508

 []

[14] [15]
Underfull \hbox (badness 10000) in paragraph at lines 559--560

 []


LaTeX Font Warning: Command \normalsize invalid in math mode on input line 563.



LaTeX Font Warning: Command \scriptsize invalid in math mode on input line 563.



LaTeX Font Warning: Command \normalsize invalid in math mode on input line 563.



LaTeX Font Warning: Command \scriptsize invalid in math mode on input line 563.



LaTeX Font Warning: Command \footnotesize invalid in math mode on input line 56
3.


LaTeX Font Warning: Command \tiny invalid in math mode on input line 563.


LaTeX Font Warning: Command \scriptsize invalid in math mode on input line 563.



LaTeX Font Warning: Command \tiny invalid in math mode on input line 563.


LaTeX Font Warning: Command \scriptsize invalid in math mode on input line 570.



LaTeX Font Warning: Command \scriptsize invalid in math mode on input line 570.



LaTeX Font Warning: Command \footnotesize invalid in math mode on input line 57
0.


LaTeX Font Warning: Command \tiny invalid in math mode on input line 570.


LaTeX Font Warning: Command \scriptsize invalid in math mode on input line 570.



LaTeX Font Warning: Command \tiny invalid in math mode on input line 570.


LaTeX Font Warning: Command \scriptsize invalid in math mode on input line 570.



LaTeX Font Warning: Command \scriptsize invalid in math mode on input line 570.



LaTeX Font Warning: Command \footnotesize invalid in math mode on input line 57
0.


LaTeX Font Warning: Command \tiny invalid in math mode on input line 570.


LaTeX Font Warning: Command \scriptsize invalid in math mode on input line 570.



LaTeX Font Warning: Command \tiny invalid in math mode on input line 570.


LaTeX Font Warning: Command \scriptsize invalid in math mode on input line 570.



LaTeX Font Warning: Command \scriptsize invalid in math mode on input line 570.



LaTeX Font Warning: Command \footnotesize invalid in math mode on input line 57
0.


LaTeX Font Warning: Command \tiny invalid in math mode on input line 570.


LaTeX Font Warning: Command \scriptsize invalid in math mode on input line 570.



LaTeX Font Warning: Command \tiny invalid in math mode on input line 570.


LaTeX Font Warning: Command \scriptsize invalid in math mode on input line 570.



LaTeX Font Warning: Command \scriptsize invalid in math mode on input line 570.



LaTeX Font Warning: Command \footnotesize invalid in math mode on input line 57
0.


LaTeX Font Warning: Command \tiny invalid in math mode on input line 570.


LaTeX Font Warning: Command \scriptsize invalid in math mode on input line 570.



LaTeX Font Warning: Command \tiny invalid in math mode on input line 570.

[16]

LaTeX Font Warning: Command \normalsize invalid in math mode on input line 572.



LaTeX Font Warning: Command \scriptsize invalid in math mode on input line 572.



LaTeX Font Warning: Command \normalsize invalid in math mode on input line 572.



LaTeX Font Warning: Command \scriptsize invalid in math mode on input line 572.



LaTeX Font Warning: Command \footnotesize invalid in math mode on input line 57
2.


LaTeX Font Warning: Command \tiny invalid in math mode on input line 572.


LaTeX Font Warning: Command \scriptsize invalid in math mode on input line 572.



LaTeX Font Warning: Command \tiny invalid in math mode on input line 572.


LaTeX Font Warning: Command \normalsize invalid in math mode on input line 572.



LaTeX Font Warning: Command \scriptsize invalid in math mode on input line 572.



LaTeX Font Warning: Command \normalsize invalid in math mode on input line 572.



LaTeX Font Warning: Command \scriptsize invalid in math mode on input line 572.



LaTeX Font Warning: Command \footnotesize invalid in math mode on input line 57
2.


LaTeX Font Warning: Command \tiny invalid in math mode on input line 572.


LaTeX Font Warning: Command \scriptsize invalid in math mode on input line 572.



LaTeX Font Warning: Command \tiny invalid in math mode on input line 572.


LaTeX Font Warning: Command \normalsize invalid in math mode on input line 572.



LaTeX Font Warning: Command \scriptsize invalid in math mode on input line 572.



LaTeX Font Warning: Command \normalsize invalid in math mode on input line 572.



LaTeX Font Warning: Command \scriptsize invalid in math mode on input line 572.



LaTeX Font Warning: Command \footnotesize invalid in math mode on input line 57
2.


LaTeX Font Warning: Command \tiny invalid in math mode on input line 572.


LaTeX Font Warning: Command \scriptsize invalid in math mode on input line 572.



LaTeX Font Warning: Command \tiny invalid in math mode on input line 572.


LaTeX Font Warning: Command \normalsize invalid in math mode on input line 572.



LaTeX Font Warning: Command \scriptsize invalid in math mode on input line 572.



LaTeX Font Warning: Command \normalsize invalid in math mode on input line 572.



LaTeX Font Warning: Command \scriptsize invalid in math mode on input line 572.



LaTeX Font Warning: Command \footnotesize invalid in math mode on input line 57
2.


LaTeX Font Warning: Command \tiny invalid in math mode on input line 572.


LaTeX Font Warning: Command \scriptsize invalid in math mode on input line 572.



LaTeX Font Warning: Command \tiny invalid in math mode on input line 572.


LaTeX Font Warning: Command \normalsize invalid in math mode on input line 574.



LaTeX Font Warning: Command \scriptsize invalid in math mode on input line 574.



LaTeX Font Warning: Command \normalsize invalid in math mode on input line 574.



LaTeX Font Warning: Command \scriptsize invalid in math mode on input line 574.



LaTeX Font Warning: Command \footnotesize invalid in math mode on input line 57
4.


LaTeX Font Warning: Command \tiny invalid in math mode on input line 574.


LaTeX Font Warning: Command \scriptsize invalid in math mode on input line 574.



LaTeX Font Warning: Command \tiny invalid in math mode on input line 574.


LaTeX Font Warning: Command \normalsize invalid in math mode on input line 574.



LaTeX Font Warning: Command \scriptsize invalid in math mode on input line 574.



LaTeX Font Warning: Command \normalsize invalid in math mode on input line 574.



LaTeX Font Warning: Command \scriptsize invalid in math mode on input line 574.



LaTeX Font Warning: Command \footnotesize invalid in math mode on input line 57
4.


LaTeX Font Warning: Command \tiny invalid in math mode on input line 574.


LaTeX Font Warning: Command \scriptsize invalid in math mode on input line 574.



LaTeX Font Warning: Command \tiny invalid in math mode on input line 574.


LaTeX Font Warning: Command \normalsize invalid in math mode on input line 574.



LaTeX Font Warning: Command \scriptsize invalid in math mode on input line 574.



LaTeX Font Warning: Command \normalsize invalid in math mode on input line 574.



LaTeX Font Warning: Command \scriptsize invalid in math mode on input line 574.



LaTeX Font Warning: Command \footnotesize invalid in math mode on input line 57
4.


LaTeX Font Warning: Command \tiny invalid in math mode on input line 574.


LaTeX Font Warning: Command \scriptsize invalid in math mode on input line 574.



LaTeX Font Warning: Command \tiny invalid in math mode on input line 574.


LaTeX Font Warning: Command \normalsize invalid in math mode on input line 574.



LaTeX Font Warning: Command \scriptsize invalid in math mode on input line 574.



LaTeX Font Warning: Command \normalsize invalid in math mode on input line 574.



LaTeX Font Warning: Command \scriptsize invalid in math mode on input line 574.



LaTeX Font Warning: Command \footnotesize invalid in math mode on input line 57
4.


LaTeX Font Warning: Command \tiny invalid in math mode on input line 574.


LaTeX Font Warning: Command \scriptsize invalid in math mode on input line 574.



LaTeX Font Warning: Command \tiny invalid in math mode on input line 574.


Underfull \hbox (badness 10000) in paragraph at lines 574--575

 []

pdfTeX warning (ext4): destination with the same identifier (name{equation.5.1}
) has been already used, duplicate ignored
<to be read again> 
                   \relax 
l.577 \begin{equation}
                      pdfTeX warning (ext4): destination with the same identifi
er (name{equation.5.1}) has been already used, duplicate ignored
<to be read again> 
                   \relax 
l.577 \begin{equation}
                      pdfTeX warning (ext4): destination with the same identifi
er (name{equation.5.1}) has been already used, duplicate ignored
<to be read again> 
                   \relax 
l.577 \begin{equation}
                      pdfTeX warning (ext4): destination with the same identifi
er (name{equation.5.1}) has been already used, duplicate ignored
<to be read again> 
                   \relax 
l.577 \begin{equation}
                      

LaTeX Font Warning: Command \normalsize invalid in math mode on input line 578.



LaTeX Font Warning: Command \scriptsize invalid in math mode on input line 578.



LaTeX Font Warning: Command \normalsize invalid in math mode on input line 578.



LaTeX Font Warning: Command \scriptsize invalid in math mode on input line 578.



LaTeX Font Warning: Command \footnotesize invalid in math mode on input line 57
8.


LaTeX Font Warning: Command \scriptsize invalid in math mode on input line 578.



LaTeX Font Warning: Command \tiny invalid in math mode on input line 578.


LaTeX Font Warning: Command \normalsize invalid in math mode on input line 580.



LaTeX Font Warning: Command \scriptsize invalid in math mode on input line 580.



LaTeX Font Warning: Command \normalsize invalid in math mode on input line 580.



LaTeX Font Warning: Command \scriptsize invalid in math mode on input line 580.



LaTeX Font Warning: Command \footnotesize invalid in math mode on input line 58
0.


LaTeX Font Warning: Command \tiny invalid in math mode on input line 580.


LaTeX Font Warning: Command \scriptsize invalid in math mode on input line 580.



LaTeX Font Warning: Command \tiny invalid in math mode on input line 580.


LaTeX Font Warning: Command \normalsize invalid in math mode on input line 581.



LaTeX Font Warning: Command \scriptsize invalid in math mode on input line 581.



LaTeX Font Warning: Command \normalsize invalid in math mode on input line 581.



LaTeX Font Warning: Command \scriptsize invalid in math mode on input line 581.



LaTeX Font Warning: Command \footnotesize invalid in math mode on input line 58
1.


LaTeX Font Warning: Command \tiny invalid in math mode on input line 581.


LaTeX Font Warning: Command \scriptsize invalid in math mode on input line 581.



LaTeX Font Warning: Command \tiny invalid in math mode on input line 581.


LaTeX Font Warning: Command \scriptsize invalid in math mode on input line 583.



LaTeX Font Warning: Command \scriptsize invalid in math mode on input line 583.



LaTeX Font Warning: Command \footnotesize invalid in math mode on input line 58
3.


LaTeX Font Warning: Command \tiny invalid in math mode on input line 583.


LaTeX Font Warning: Command \scriptsize invalid in math mode on input line 583.



LaTeX Font Warning: Command \tiny invalid in math mode on input line 583.


LaTeX Font Warning: Command \normalsize invalid in math mode on input line 588.



LaTeX Font Warning: Command \scriptsize invalid in math mode on input line 588.



LaTeX Font Warning: Command \normalsize invalid in math mode on input line 588.



LaTeX Font Warning: Command \scriptsize invalid in math mode on input line 588.



LaTeX Font Warning: Command \footnotesize invalid in math mode on input line 58
8.


LaTeX Font Warning: Command \scriptsize invalid in math mode on input line 588.



LaTeX Font Warning: Command \tiny invalid in math mode on input line 588.


LaTeX Font Warning: Command \normalsize invalid in math mode on input line 588.



LaTeX Font Warning: Command \scriptsize invalid in math mode on input line 588.



LaTeX Font Warning: Command \normalsize invalid in math mode on input line 588.



LaTeX Font Warning: Command \scriptsize invalid in math mode on input line 588.



LaTeX Font Warning: Command \footnotesize invalid in math mode on input line 58
8.


LaTeX Font Warning: Command \scriptsize invalid in math mode on input line 588.



LaTeX Font Warning: Command \tiny invalid in math mode on input line 588.


LaTeX Font Warning: Command \normalsize invalid in math mode on input line 588.



LaTeX Font Warning: Command \scriptsize invalid in math mode on input line 588.



LaTeX Font Warning: Command \normalsize invalid in math mode on input line 588.



LaTeX Font Warning: Command \scriptsize invalid in math mode on input line 588.



LaTeX Font Warning: Command \footnotesize invalid in math mode on input line 58
8.


LaTeX Font Warning: Command \scriptsize invalid in math mode on input line 588.



LaTeX Font Warning: Command \tiny invalid in math mode on input line 588.


LaTeX Font Warning: Command \normalsize invalid in math mode on input line 588.



LaTeX Font Warning: Command \scriptsize invalid in math mode on input line 588.



LaTeX Font Warning: Command \normalsize invalid in math mode on input line 588.



LaTeX Font Warning: Command \scriptsize invalid in math mode on input line 588.



LaTeX Font Warning: Command \footnotesize invalid in math mode on input line 58
8.


LaTeX Font Warning: Command \scriptsize invalid in math mode on input line 588.



LaTeX Font Warning: Command \tiny invalid in math mode on input line 588.


LaTeX Font Warning: Command \scriptsize invalid in math mode on input line 590.



LaTeX Font Warning: Command \scriptsize invalid in math mode on input line 590.



LaTeX Font Warning: Command \footnotesize invalid in math mode on input line 59
0.


LaTeX Font Warning: Command \tiny invalid in math mode on input line 590.


LaTeX Font Warning: Command \scriptsize invalid in math mode on input line 590.



LaTeX Font Warning: Command \tiny invalid in math mode on input line 590.


LaTeX Font Warning: Command \scriptsize invalid in math mode on input line 590.



LaTeX Font Warning: Command \scriptsize invalid in math mode on input line 590.



LaTeX Font Warning: Command \footnotesize invalid in math mode on input line 59
0.


LaTeX Font Warning: Command \tiny invalid in math mode on input line 590.


LaTeX Font Warning: Command \scriptsize invalid in math mode on input line 590.



LaTeX Font Warning: Command \tiny invalid in math mode on input line 590.


LaTeX Font Warning: Command \scriptsize invalid in math mode on input line 590.



LaTeX Font Warning: Command \scriptsize invalid in math mode on input line 590.



LaTeX Font Warning: Command \footnotesize invalid in math mode on input line 59
0.


LaTeX Font Warning: Command \tiny invalid in math mode on input line 590.


LaTeX Font Warning: Command \scriptsize invalid in math mode on input line 590.



LaTeX Font Warning: Command \tiny invalid in math mode on input line 590.


LaTeX Font Warning: Command \scriptsize invalid in math mode on input line 590.



LaTeX Font Warning: Command \scriptsize invalid in math mode on input line 590.



LaTeX Font Warning: Command \footnotesize invalid in math mode on input line 59
0.


LaTeX Font Warning: Command \tiny invalid in math mode on input line 590.


LaTeX Font Warning: Command \scriptsize invalid in math mode on input line 590.



LaTeX Font Warning: Command \tiny invalid in math mode on input line 590.


Underfull \hbox (badness 10000) in paragraph at lines 590--591

 []

pdfTeX warning (ext4): destination with the same identifier (name{equation.5.1}
) has been already used, duplicate ignored
<to be read again> 
                   \relax 
l.593 \begin{equation}
                      pdfTeX warning (ext4): destination with the same identifi
er (name{equation.5.1}) has been already used, duplicate ignored
<to be read again> 
                   \relax 
l.593 \begin{equation}
                      pdfTeX warning (ext4): destination with the same identifi
er (name{equation.5.1}) has been already used, duplicate ignored
<to be read again> 
                   \relax 
l.593 \begin{equation}
                      pdfTeX warning (ext4): destination with the same identifi
er (name{equation.5.1}) has been already used, duplicate ignored
<to be read again> 
                   \relax 
l.593 \begin{equation}
                      

LaTeX Font Warning: Command \scriptsize invalid in math mode on input line 594.



LaTeX Font Warning: Command \scriptsize invalid in math mode on input line 594.



LaTeX Font Warning: Command \footnotesize invalid in math mode on input line 59
4.


LaTeX Font Warning: Command \tiny invalid in math mode on input line 594.


LaTeX Font Warning: Command \scriptsize invalid in math mode on input line 594.



LaTeX Font Warning: Command \tiny invalid in math mode on input line 594.


LaTeX Font Warning: Command \normalsize invalid in math mode on input line 596.



LaTeX Font Warning: Command \scriptsize invalid in math mode on input line 596.



LaTeX Font Warning: Command \normalsize invalid in math mode on input line 596.



LaTeX Font Warning: Command \scriptsize invalid in math mode on input line 596.



LaTeX Font Warning: Command \footnotesize invalid in math mode on input line 59
6.


LaTeX Font Warning: Command \scriptsize invalid in math mode on input line 596.



LaTeX Font Warning: Command \tiny invalid in math mode on input line 596.


LaTeX Font Warning: Command \normalsize invalid in math mode on input line 597.



LaTeX Font Warning: Command \scriptsize invalid in math mode on input line 597.



LaTeX Font Warning: Command \normalsize invalid in math mode on input line 597.



LaTeX Font Warning: Command \scriptsize invalid in math mode on input line 597.



LaTeX Font Warning: Command \footnotesize invalid in math mode on input line 59
7.


LaTeX Font Warning: Command \scriptsize invalid in math mode on input line 597.



LaTeX Font Warning: Command \tiny invalid in math mode on input line 597.

[17] [18] [19] [20]
Package atveryend Info: Empty hook `BeforeClearDocument' on input line 926.
Package atveryend Info: Empty hook `AfterLastShipout' on input line 926.
 (Explan_Assym-biblatex.aux)
Package atveryend Info: Executing hook `AtVeryEndDocument' on input line 926.
Package atveryend Info: Executing hook `AtEndAfterFileList' on input line 926.
Package rerunfilecheck Info: File `Explan_Assym-biblatex.out' has not changed.
(rerunfilecheck)             Checksum: CCDB7BB0825125AE46104C4D2EBE2536;665.


LaTeX Font Warning: Size substitutions with differences
(Font)              up to 1.69997pt have occurred.

Package logreq Info: Writing requests to 'Explan_Assym-biblatex.run.xml'.
\openout1 = `Explan_Assym-biblatex.run.xml'.

 ) 
Here is how much of TeX's memory you used:
 23044 strings out of 493335
 416314 string characters out of 3136671
 909201 words of memory out of 3000000
 26003 multiletter control sequences out of 15000+200000
 74201 words of font info for 172 fonts, out of 3000000 for 9000
 1141 hyphenation exceptions out of 8191
 48i,15n,57p,1975b,1415s stack positions out of 5000i,500n,10000p,200000b,50000s
{C:/Users/jmillson/AppData/Roaming/MiKTeX/2.9/fonts/enc/dvips/mnsymbol/MnSymb
olA.enc}{C:/Program Files (x86)/MiKTeX 2.9/fonts/enc/dvips/fontname/8r.enc}<C:/
Users/jmillson/AppData/Roaming/MiKTeX/2.9/fonts/type1/public/mnsymbol/MnSymbol7
.pfb><C:/Program Files (x86)/MiKTeX 2.9/fonts/type1/public/amsfonts/cm/cmex10.p
fb><C:/Program Files (x86)/MiKTeX 2.9/fonts/type1/public/amsfonts/cm/cmmi10.pfb
><C:/Program Files (x86)/MiKTeX 2.9/fonts/type1/public/amsfonts/cm/cmr10.pfb><C
:/Program Files (x86)/MiKTeX 2.9/fonts/type1/public/amsfonts/cm/cmss10.pfb><C:/
Program Files (x86)/MiKTeX 2.9/fonts/type1/public/amsfonts/cm/cmsy10.pfb><C:/Pr
ogram Files (x86)/MiKTeX 2.9/fonts/type1/public/rsfs/rsfs10.pfb><C:/Users/jmill
son/AppData/Roaming/MiKTeX/2.9/fonts/type1/urw/symbol/usyr.pfb><C:/Users/jmills
on/AppData/Roaming/MiKTeX/2.9/fonts/type1/urw/symbol/usyr.pfb><C:/Program Files
 (x86)/MiKTeX 2.9/fonts/type1/urw/times/utmb8a.pfb><C:/Program Files (x86)/MiKT
eX 2.9/fonts/type1/urw/times/utmr8a.pfb><C:/Program Files (x86)/MiKTeX 2.9/font
s/type1/urw/times/utmri8a.pfb>
Output written on Explan_Assym-biblatex.pdf (20 pages, 249496 bytes).
PDF statistics:
 427 PDF objects out of 1000 (max. 8388607)
 120 named destinations out of 1000 (max. 500000)
 93 words of extra memory for PDF output out of 10000 (max. 10000000)

